<?xml version="1.0" encoding="UTF-8"?>
<!-- Generated by org.testng.reporters.JUnitReportReporter -->
<testsuite skipped="0" hostname="DESKTOP-IKR2EK5" name="Package_01_First_TestNG.Program_01_First_TestNG_program" tests="1" failures="0" timestamp="11 Sep 2020 22:48:53 GMT" time="0.002" errors="0">
  <testcase name="loginFB" time="0.002" classname="Package_01_First_TestNG.Program_01_First_TestNG_program"/>
</testsuite> <!-- Package_01_First_TestNG.Program_01_First_TestNG_program -->
