<?xml version="1.0" encoding="UTF-8"?>
<!-- Generated by org.testng.reporters.JUnitReportReporter -->
<testsuite skipped="0" hostname="DESKTOP-IKR2EK5" name="Package_01_First_TestNG.Program_02_before_method_annotation" tests="3" failures="0" timestamp="2020-12-24T19:02:49 EST" time="0.008" errors="0">
  <testcase name="email1" time="0.003" classname="Package_01_First_TestNG.Program_02_before_method_annotation"/>
  <system-out/>
  <testcase name="email2" time="0.003" classname="Package_01_First_TestNG.Program_02_before_method_annotation"/>
  <system-out/>
  <testcase name="method1" time="0.002" classname="Package_01_First_TestNG.Program_02_before_method_annotation"/>
  <system-out/>
</testsuite> <!-- Package_01_First_TestNG.Program_02_before_method_annotation -->
