<?xml version="1.0" encoding="UTF-8"?>
<!-- Generated by org.testng.reporters.JUnitReportReporter -->
<testsuite skipped="0" hostname="DESKTOP-IKR2EK5" name="Package_01_First_TestNG.Program_05_invocationCount" tests="12" failures="0" timestamp="11 Sep 2020 22:48:53 GMT" time="0.016" errors="0">
  <testcase name="Yahoo" time="0.000" classname="Package_01_First_TestNG.Program_05_invocationCount"/>
  <testcase name="Yahoo" time="0.002" classname="Package_01_First_TestNG.Program_05_invocationCount"/>
  <testcase name="Yahoo" time="0.001" classname="Package_01_First_TestNG.Program_05_invocationCount"/>
  <testcase name="Yahoo" time="0.002" classname="Package_01_First_TestNG.Program_05_invocationCount"/>
  <testcase name="gmail" time="0.001" classname="Package_01_First_TestNG.Program_05_invocationCount"/>
  <testcase name="Yahoo" time="0.001" classname="Package_01_First_TestNG.Program_05_invocationCount"/>
  <testcase name="Yahoo" time="0.001" classname="Package_01_First_TestNG.Program_05_invocationCount"/>
  <testcase name="Yahoo" time="0.002" classname="Package_01_First_TestNG.Program_05_invocationCount"/>
  <testcase name="Yahoo" time="0.001" classname="Package_01_First_TestNG.Program_05_invocationCount"/>
  <testcase name="google" time="0.001" classname="Package_01_First_TestNG.Program_05_invocationCount"/>
  <testcase name="Yahoo" time="0.001" classname="Package_01_First_TestNG.Program_05_invocationCount"/>
  <testcase name="Yahoo" time="0.003" classname="Package_01_First_TestNG.Program_05_invocationCount"/>
</testsuite> <!-- Package_01_First_TestNG.Program_05_invocationCount -->
