<?xml version="1.0" encoding="UTF-8"?>
<!-- Generated by org.testng.reporters.JUnitReportReporter -->
<testsuite skipped="2" hostname="DESKTOP-IKR2EK5" name="Package_01_First_TestNG.Program_06_groups_somke_suit_test" tests="3" failures="0" timestamp="11 Sep 2020 22:48:53 GMT" time="0.001" errors="0">
  <testcase name="Yahoo" time="0.001" classname="Package_01_First_TestNG.Program_06_groups_somke_suit_test"/>
  <testcase name="google" classname="Package_01_First_TestNG.Program_06_groups_somke_suit_test">
    <skipped/>
  </testcase> <!-- google -->
  <testcase name="gmail" classname="Package_01_First_TestNG.Program_06_groups_somke_suit_test">
    <skipped/>
  </testcase> <!-- gmail -->
</testsuite> <!-- Package_01_First_TestNG.Program_06_groups_somke_suit_test -->
