<?xml version="1.0" encoding="UTF-8"?>
<!-- Generated by org.testng.reporters.JUnitReportReporter -->
<testsuite skipped="1" hostname="DESKTOP-IKR2EK5" name="Package_01_First_TestNG.alam" tests="13" failures="0" timestamp="16 Oct 2020 14:26:57 GMT" time="0.027" errors="0">
  <testcase name="dada3" time="0.002" classname="Package_01_First_TestNG.alam"/>
  <testcase name="dada3" time="0.002" classname="Package_01_First_TestNG.alam"/>
  <testcase name="dada3" time="0.002" classname="Package_01_First_TestNG.alam"/>
  <testcase name="dada3" time="0.002" classname="Package_01_First_TestNG.alam"/>
  <testcase name="dada3" time="0.001" classname="Package_01_First_TestNG.alam"/>
  <testcase name="dada3" time="0.002" classname="Package_01_First_TestNG.alam"/>
  <testcase name="dada4" time="0.002" classname="Package_01_First_TestNG.alam"/>
  <testcase name="dada3" time="0.002" classname="Package_01_First_TestNG.alam"/>
  <testcase name="dada3" time="0.002" classname="Package_01_First_TestNG.alam"/>
  <testcase name="dada3" time="0.001" classname="Package_01_First_TestNG.alam"/>
  <testcase name="dada3" time="0.002" classname="Package_01_First_TestNG.alam"/>
  <testcase name="dada1" time="0.007" classname="Package_01_First_TestNG.alam"/>
  <testcase name="dada2" classname="Package_01_First_TestNG.alam">
    <skipped/>
  </testcase> <!-- dada2 -->
</testsuite> <!-- Package_01_First_TestNG.alam -->
