<?xml version="1.0" encoding="UTF-8"?>
<!-- Generated by org.testng.reporters.JUnitReportReporter -->
<testsuite skipped="0" hostname="DESKTOP-IKR2EK5" name="Package_01_First_TestNG.Practic_01" tests="13" failures="0" timestamp="15 Sep 2020 14:41:36 GMT" time="0.049" errors="0">
  <testcase name="email" time="0.002" classname="Package_01_First_TestNG.Practic_01"/>
  <testcase name="email" time="0.002" classname="Package_01_First_TestNG.Practic_01"/>
  <testcase name="email" time="0.002" classname="Package_01_First_TestNG.Practic_01"/>
  <testcase name="email" time="0.002" classname="Package_01_First_TestNG.Practic_01"/>
  <testcase name="email" time="0.004" classname="Package_01_First_TestNG.Practic_01"/>
  <testcase name="email" time="0.003" classname="Package_01_First_TestNG.Practic_01"/>
  <testcase name="email" time="0.001" classname="Package_01_First_TestNG.Practic_01"/>
  <testcase name="gmail" time="0.002" classname="Package_01_First_TestNG.Practic_01"/>
  <testcase name="email" time="0.001" classname="Package_01_First_TestNG.Practic_01"/>
  <testcase name="email" time="0.003" classname="Package_01_First_TestNG.Practic_01"/>
  <testcase name="facebook" time="0.003" classname="Package_01_First_TestNG.Practic_01"/>
  <testcase name="email" time="0.014" classname="Package_01_First_TestNG.Practic_01"/>
  <testcase name="Yahoo" time="0.010" classname="Package_01_First_TestNG.Practic_01"/>
</testsuite> <!-- Package_01_First_TestNG.Practic_01 -->
