<?xml version="1.0" encoding="UTF-8"?>
<!-- Generated by org.testng.reporters.JUnitReportReporter -->
<testsuite skipped="0" hostname="DESKTOP-IKR2EK5" name="TestNG_Data_Providor.Alam_dada" tests="2" failures="0" timestamp="2020-12-23T20:32:22 EST" time="40.439" errors="0">
  <testcase name="f" time="20.600" classname="TestNG_Data_Providor.Alam_dada"/>
  <system-out/>
  <testcase name="f" time="19.839" classname="TestNG_Data_Providor.Alam_dada"/>
  <system-out/>
</testsuite> <!-- TestNG_Data_Providor.Alam_dada -->
