<?xml version="1.0" encoding="UTF-8"?>
<!-- Generated by org.testng.reporters.JUnitReportReporter -->
<testsuite skipped="0" hostname="DESKTOP-IKR2EK5" name="Package_01_First_TestNG.Program_06a_groups_Test" tests="5" failures="0" timestamp="03 Nov 2020 18:43:10 GMT" time="0.036" errors="0">
  <testcase name="alam" time="0.012" classname="Package_01_First_TestNG.Program_06a_groups_Test"/>
  <testcase name="rajib" time="0.013" classname="Package_01_First_TestNG.Program_06a_groups_Test"/>
  <testcase name="dada" time="0.003" classname="Package_01_First_TestNG.Program_06a_groups_Test"/>
  <testcase name="alam2" time="0.005" classname="Package_01_First_TestNG.Program_06a_groups_Test"/>
  <testcase name="alam1" time="0.003" classname="Package_01_First_TestNG.Program_06a_groups_Test"/>
</testsuite> <!-- Package_01_First_TestNG.Program_06a_groups_Test -->
