<?xml version="1.0" encoding="UTF-8"?>
<!-- Generated by org.testng.reporters.JUnitReportReporter -->
<testsuite skipped="0" hostname="DESKTOP-IKR2EK5" name="Package_01_First_TestNG.Program_02_before_method_annotation" tests="3" failures="0" timestamp="02 Oct 2020 15:49:07 GMT" time="0.004" errors="0">
  <testcase name="email2" time="0.001" classname="Package_01_First_TestNG.Program_02_before_method_annotation"/>
  <testcase name="method1" time="0.001" classname="Package_01_First_TestNG.Program_02_before_method_annotation"/>
  <testcase name="email1" time="0.002" classname="Package_01_First_TestNG.Program_02_before_method_annotation"/>
</testsuite> <!-- Package_01_First_TestNG.Program_02_before_method_annotation -->
