<?xml version="1.0" encoding="UTF-8"?>
<!-- Generated by org.testng.reporters.JUnitReportReporter -->
<testsuite skipped="0" hostname="DESKTOP-IKR2EK5" name="TestNG_Data_Providor.Data_ProVider" tests="5" failures="0" timestamp="2021-01-14T11:36:33 EST" time="93.819" errors="0">
  <testcase name="f" time="15.919" classname="TestNG_Data_Providor.Data_ProVider"/>
  <system-out/>
  <testcase name="f" time="13.275" classname="TestNG_Data_Providor.Data_ProVider"/>
  <system-out/>
  <testcase name="f" time="21.690" classname="TestNG_Data_Providor.Data_ProVider"/>
  <system-out/>
  <testcase name="f" time="20.572" classname="TestNG_Data_Providor.Data_ProVider"/>
  <system-out/>
  <testcase name="f" time="22.363" classname="TestNG_Data_Providor.Data_ProVider"/>
  <system-out/>
</testsuite> <!-- TestNG_Data_Providor.Data_ProVider -->
