<?xml version="1.0" encoding="UTF-8"?>
<!-- Generated by org.testng.reporters.JUnitReportReporter -->
<testsuite skipped="0" hostname="DESKTOP-IKR2EK5" name="TestNG_Data_Providor.Data_ProVider" tests="5" failures="0" timestamp="28 Sep 2020 01:32:22 GMT" time="95.768" errors="0">
  <testcase name="f" time="23.253" classname="TestNG_Data_Providor.Data_ProVider"/>
  <testcase name="f" time="23.672" classname="TestNG_Data_Providor.Data_ProVider"/>
  <testcase name="f" time="22.444" classname="TestNG_Data_Providor.Data_ProVider"/>
  <testcase name="f" time="13.294" classname="TestNG_Data_Providor.Data_ProVider"/>
  <testcase name="f" time="13.105" classname="TestNG_Data_Providor.Data_ProVider"/>
</testsuite> <!-- TestNG_Data_Providor.Data_ProVider -->
