<?xml version="1.0" encoding="UTF-8"?>
<!-- Generated by org.testng.reporters.JUnitReportReporter -->
<testsuite skipped="0" hostname="DESKTOP-IKR2EK5" name="Package_01_First_TestNG.alam2" tests="1" failures="0" timestamp="2020-12-23T18:35:27 EST" time="0.015" errors="0">
  <testcase name="rajib" time="0.015" classname="Package_01_First_TestNG.alam2"/>
  <system-out/>
</testsuite> <!-- Package_01_First_TestNG.alam2 -->
