<?xml version="1.0" encoding="UTF-8"?>
<!-- Generated by org.testng.reporters.JUnitReportReporter -->
<testsuite skipped="0" hostname="DESKTOP-IKR2EK5" name="Package_01_First_TestNG.Program_09_Priorty_Test" tests="5" failures="0" timestamp="14 Sep 2020 05:04:21 GMT" time="0.042" errors="0">
  <testcase name="bmw" time="0.024" classname="Package_01_First_TestNG.Program_09_Priorty_Test"/>
  <testcase name="honda" time="0.002" classname="Package_01_First_TestNG.Program_09_Priorty_Test"/>
  <testcase name="audi" time="0.005" classname="Package_01_First_TestNG.Program_09_Priorty_Test"/>
  <testcase name="tasla" time="0.006" classname="Package_01_First_TestNG.Program_09_Priorty_Test"/>
  <testcase name="toyta" time="0.005" classname="Package_01_First_TestNG.Program_09_Priorty_Test"/>
</testsuite> <!-- Package_01_First_TestNG.Program_09_Priorty_Test -->
