<?xml version="1.0" encoding="UTF-8"?>
<!-- Generated by org.testng.reporters.JUnitReportReporter -->
<testsuite skipped="0" hostname="DESKTOP-IKR2EK5" name="Package_01_First_TestNG.Program_02_Login" tests="3" failures="0" timestamp="02 Sep 2020 04:50:45 GMT" time="0.017" errors="0">
  <testcase name="method1" time="0.001" classname="Package_01_First_TestNG.Program_02_Login"/>
  <testcase name="email2" time="0.009" classname="Package_01_First_TestNG.Program_02_Login"/>
  <testcase name="email1" time="0.007" classname="Package_01_First_TestNG.Program_02_Login"/>
</testsuite> <!-- Package_01_First_TestNG.Program_02_Login -->
