<?xml version="1.0" encoding="UTF-8"?>
<!-- Generated by org.testng.reporters.JUnitReportReporter -->
<testsuite skipped="0" hostname="DESKTOP-IKR2EK5" name="TestNG_Data_Providor.alam4" tests="2" failures="0" timestamp="19 Oct 2020 17:43:35 GMT" time="13.443" errors="0">
  <testcase name="f" time="6.579" classname="TestNG_Data_Providor.alam4"/>
  <testcase name="f" time="6.864" classname="TestNG_Data_Providor.alam4"/>
</testsuite> <!-- TestNG_Data_Providor.alam4 -->
