<?xml version="1.0" encoding="UTF-8"?>
<!-- Generated by org.testng.reporters.JUnitReportReporter -->
<testsuite skipped="0" hostname="DESKTOP-IKR2EK5" name="Package_01_First_TestNG.Program_07_TimeOut" tests="3" failures="0" timestamp="11 Sep 2020 22:48:53 GMT" time="0.012" errors="0">
  <testcase name="google" time="0.004" classname="Package_01_First_TestNG.Program_07_TimeOut"/>
  <testcase name="gmail" time="0.002" classname="Package_01_First_TestNG.Program_07_TimeOut"/>
  <testcase name="Yahoo" time="0.006" classname="Package_01_First_TestNG.Program_07_TimeOut"/>
</testsuite> <!-- Package_01_First_TestNG.Program_07_TimeOut -->
