<?xml version="1.0" encoding="UTF-8"?>
<!-- Generated by org.testng.reporters.JUnitReportReporter -->
<testsuite skipped="0" hostname="DESKTOP-IKR2EK5" name="Package_01_First_TestNG.Practic" tests="1" failures="0" timestamp="15 Sep 2020 14:39:54 GMT" time="10.167" errors="0">
  <testcase name="f" time="10.167" classname="Package_01_First_TestNG.Practic"/>
</testsuite> <!-- Package_01_First_TestNG.Practic -->
