<?xml version="1.0" encoding="UTF-8"?>
<!-- Generated by org.testng.reporters.JUnitReportReporter -->
<testsuite skipped="0" hostname="DESKTOP-IKR2EK5" name="Package_01_First_TestNG.Program_06a_groups_Test" tests="5" failures="0" timestamp="2020-12-24T19:12:07 EST" time="0.022" errors="0">
  <testcase name="dada" time="0.001" classname="Package_01_First_TestNG.Program_06a_groups_Test"/>
  <system-out/>
  <testcase name="alam2" time="0.002" classname="Package_01_First_TestNG.Program_06a_groups_Test"/>
  <system-out/>
  <testcase name="alam1" time="0.002" classname="Package_01_First_TestNG.Program_06a_groups_Test"/>
  <system-out/>
  <testcase name="rajib" time="0.003" classname="Package_01_First_TestNG.Program_06a_groups_Test"/>
  <system-out/>
  <testcase name="alam" time="0.014" classname="Package_01_First_TestNG.Program_06a_groups_Test"/>
  <system-out/>
</testsuite> <!-- Package_01_First_TestNG.Program_06a_groups_Test -->
