<?xml version="1.0" encoding="UTF-8"?>
<!-- Generated by org.testng.reporters.JUnitReportReporter -->
<testsuite skipped="1" hostname="DESKTOP-IKR2EK5" name="Package_01_First_TestNG.Program_04_enabled_false_and_true" tests="3" failures="0" timestamp="11 Sep 2020 22:48:53 GMT" time="0.002" errors="0">
  <testcase name="Yahoo" time="0.001" classname="Package_01_First_TestNG.Program_04_enabled_false_and_true"/>
  <testcase name="google" time="0.001" classname="Package_01_First_TestNG.Program_04_enabled_false_and_true"/>
  <testcase name="gmail" classname="Package_01_First_TestNG.Program_04_enabled_false_and_true">
    <skipped/>
  </testcase> <!-- gmail -->
</testsuite> <!-- Package_01_First_TestNG.Program_04_enabled_false_and_true -->
