<?xml version="1.0" encoding="UTF-8"?>
<!-- Generated by org.testng.reporters.JUnitReportReporter -->
<testsuite skipped="0" hostname="DESKTOP-IKR2EK5" name="Package_01_First_TestNG.Program_08_Create_Manul_method" tests="3" failures="0" timestamp="11 Sep 2020 22:48:53 GMT" time="0.005" errors="0">
  <testcase name="dada" time="0.002" classname="Package_01_First_TestNG.Program_08_Create_Manul_method"/>
  <testcase name="tawidAlam" time="0.001" classname="Package_01_First_TestNG.Program_08_Create_Manul_method"/>
  <testcase name="rajib" time="0.002" classname="Package_01_First_TestNG.Program_08_Create_Manul_method"/>
</testsuite> <!-- Package_01_First_TestNG.Program_08_Create_Manul_method -->
