<?xml version="1.0" encoding="UTF-8"?>
<!-- Generated by org.testng.reporters.JUnitReportReporter -->
<testsuite skipped="1" hostname="DESKTOP-IKR2EK5" name="Package_01_First_TestNG.alam1" tests="13" failures="0" timestamp="28 Sep 2020 04:01:35 GMT" time="0.023" errors="0">
  <testcase name="fb_login1" time="0.001" classname="Package_01_First_TestNG.alam1"/>
  <testcase name="fb_login1" time="0.002" classname="Package_01_First_TestNG.alam1"/>
  <testcase name="fb_login1" time="0.001" classname="Package_01_First_TestNG.alam1"/>
  <testcase name="fb_login1" time="0.002" classname="Package_01_First_TestNG.alam1"/>
  <testcase name="fb_login1" time="0.002" classname="Package_01_First_TestNG.alam1"/>
  <testcase name="fb_login3" time="0.001" classname="Package_01_First_TestNG.alam1"/>
  <testcase name="fb_login1" time="0.001" classname="Package_01_First_TestNG.alam1"/>
  <testcase name="fb_login1" time="0.007" classname="Package_01_First_TestNG.alam1"/>
  <testcase name="fb_login1" time="0.001" classname="Package_01_First_TestNG.alam1"/>
  <testcase name="fb_login1" time="0.003" classname="Package_01_First_TestNG.alam1"/>
  <testcase name="fb_login1" time="0.001" classname="Package_01_First_TestNG.alam1"/>
  <testcase name="fb_login2" time="0.001" classname="Package_01_First_TestNG.alam1"/>
  <testcase name="fb_login" classname="Package_01_First_TestNG.alam1">
    <skipped/>
  </testcase> <!-- fb_login -->
</testsuite> <!-- Package_01_First_TestNG.alam1 -->
