<?xml version="1.0" encoding="UTF-8"?>
<!-- Generated by org.testng.reporters.JUnitReportReporter -->
<testsuite skipped="0" hostname="DESKTOP-IKR2EK5" name="Package_01_First_TestNG.Alam_Practice" tests="3" failures="0" timestamp="2020-12-23T19:39:29 EST" time="0.017" errors="0">
  <testcase name="alam" time="0.008" classname="Package_01_First_TestNG.Alam_Practice"/>
  <system-out/>
  <testcase name="raj" time="0.007" classname="Package_01_First_TestNG.Alam_Practice"/>
  <system-out/>
  <testcase name="dada" time="0.002" classname="Package_01_First_TestNG.Alam_Practice"/>
  <system-out/>
</testsuite> <!-- Package_01_First_TestNG.Alam_Practice -->
