<?xml version="1.0" encoding="UTF-8"?>
<!-- Generated by org.testng.reporters.JUnitReportReporter -->
<testsuite skipped="1" hostname="DESKTOP-IKR2EK5" name="Package_01_First_TestNG.alam2" tests="14" failures="0" timestamp="12 Oct 2020 20:36:19 GMT" time="0.043" errors="0">
  <testcase name="login2" time="0.002" classname="Package_01_First_TestNG.alam2"/>
  <testcase name="login1" time="0.002" classname="Package_01_First_TestNG.alam2"/>
  <testcase name="login1" time="0.004" classname="Package_01_First_TestNG.alam2"/>
  <testcase name="login1" time="0.002" classname="Package_01_First_TestNG.alam2"/>
  <testcase name="login1" time="0.001" classname="Package_01_First_TestNG.alam2"/>
  <testcase name="login1" time="0.002" classname="Package_01_First_TestNG.alam2"/>
  <testcase name="login1" time="0.002" classname="Package_01_First_TestNG.alam2"/>
  <testcase name="login1" time="0.004" classname="Package_01_First_TestNG.alam2"/>
  <testcase name="login1" time="0.003" classname="Package_01_First_TestNG.alam2"/>
  <testcase name="logino" time="0.001" classname="Package_01_First_TestNG.alam2"/>
  <testcase name="login1" time="0.007" classname="Package_01_First_TestNG.alam2"/>
  <testcase name="login1" time="0.002" classname="Package_01_First_TestNG.alam2"/>
  <testcase name="logino3" time="0.011" classname="Package_01_First_TestNG.alam2"/>
  <testcase name="login" classname="Package_01_First_TestNG.alam2">
    <skipped/>
  </testcase> <!-- login -->
</testsuite> <!-- Package_01_First_TestNG.alam2 -->
