<?xml version="1.0" encoding="UTF-8"?>
<!-- Generated by org.testng.reporters.JUnitReportReporter -->
<testsuite skipped="0" hostname="DESKTOP-IKR2EK5" name="login.mavenFaceBook.Pro_05_Yahoo_execution" tests="1" failures="0" timestamp="07 Oct 2020 05:36:01 GMT" time="10.356" errors="0">
  <testcase name="yahoo" time="10.356" classname="login.mavenFaceBook.Pro_05_Yahoo_execution"/>
</testsuite> <!-- login.mavenFaceBook.Pro_05_Yahoo_execution -->
