<?xml version="1.0" encoding="UTF-8"?>
<!-- Generated by org.testng.reporters.JUnitReportReporter -->
<testsuite skipped="0" hostname="DESKTOP-IKR2EK5" name="login.mavenFaceBook.M_faccbook_Execution_class" tests="1" failures="0" timestamp="26 Sep 2020 22:20:38 GMT" time="0.455" errors="0">
  <testcase name="f" time="0.455" classname="login.mavenFaceBook.M_faccbook_Execution_class"/>
</testsuite> <!-- login.mavenFaceBook.M_faccbook_Execution_class -->
