<?xml version="1.0" encoding="UTF-8"?>
<!-- Generated by org.testng.reporters.JUnitReportReporter -->
<testsuite skipped="0" hostname="DESKTOP-IKR2EK5" name="login.mavenFaceBook.Pro_06_Login_execut" tests="1" failures="0" timestamp="13 Oct 2020 19:20:18 GMT" time="9.088" errors="0">
  <testcase name="f" time="9.088" classname="login.mavenFaceBook.Pro_06_Login_execut"/>
</testsuite> <!-- login.mavenFaceBook.Pro_06_Login_execut -->
