<?xml version="1.0" encoding="UTF-8"?>
<!-- Generated by org.testng.reporters.JUnitReportReporter -->
<testsuite skipped="0" hostname="DESKTOP-IKR2EK5" name="login.mavenFaceBook.fb_execution_class" tests="1" failures="0" timestamp="29 Sep 2020 01:48:09 GMT" time="2.358" errors="0">
  <testcase name="f" time="2.358" classname="login.mavenFaceBook.fb_execution_class"/>
</testsuite> <!-- login.mavenFaceBook.fb_execution_class -->
