<?xml version="1.0" encoding="UTF-8"?>
<!-- Generated by org.testng.reporters.JUnitReportReporter -->
<testsuite skipped="0" hostname="DESKTOP-IKR2EK5" name="login.mavenFaceBook.alam" tests="1" failures="0" timestamp="04 Nov 2020 18:33:45 GMT" time="0.381" errors="0">
  <testcase name="f" time="0.381" classname="login.mavenFaceBook.alam"/>
</testsuite> <!-- login.mavenFaceBook.alam -->
