<?xml version="1.0" encoding="UTF-8"?>
<!-- Generated by org.testng.reporters.JUnitReportReporter -->
<testsuite skipped="0" hostname="DESKTOP-IKR2EK5" name="login.mavenFaceBook.Pro_04_Execute_new_fb_Account" tests="1" failures="0" timestamp="22 Oct 2020 01:59:43 GMT" time="6.070" errors="0">
  <testcase name="f" time="6.070" classname="login.mavenFaceBook.Pro_04_Execute_new_fb_Account"/>
</testsuite> <!-- login.mavenFaceBook.Pro_04_Execute_new_fb_Account -->
