<?xml version="1.0" encoding="UTF-8"?>
<!-- Generated by org.testng.reporters.JUnitReportReporter -->
<testsuite skipped="0" hostname="DESKTOP-IKR2EK5" name="login.mavenFaceBook.M_facebook_login" tests="1" failures="0" timestamp="22 Sep 2020 01:07:54 GMT" time="0.009" errors="0">
  <testcase name="f" time="0.009" classname="login.mavenFaceBook.M_facebook_login"/>
</testsuite> <!-- login.mavenFaceBook.M_facebook_login -->
