<?xml version="1.0" encoding="UTF-8"?>
<!-- Generated by org.testng.reporters.JUnitReportReporter -->
<testsuite skipped="0" hostname="DESKTOP-IKR2EK5" name="login.mavenFaceBook.fb_login_Unique_execution" tests="1" failures="0" timestamp="29 Sep 2020 04:27:18 GMT" time="0.465" errors="0">
  <testcase name="f" time="0.465" classname="login.mavenFaceBook.fb_login_Unique_execution"/>
</testsuite> <!-- login.mavenFaceBook.fb_login_Unique_execution -->
